# Logfile created on 2014-02-11 11:42:53 -0600 by logger.rb/31641
I, [2014-02-11T11:42:53.701184 #15981]  INFO -- : 0:  rake (10.1.1) from /Users/andreas/.rvm/gems/ruby-1.9.3-p194/specifications/rake-10.1.1.gemspec
I, [2014-02-11T11:42:53.701759 #15981]  INFO -- : 0:  i18n (0.6.9) from /Users/andreas/.rvm/gems/ruby-1.9.3-p194/specifications/i18n-0.6.9.gemspec
I, [2014-02-11T11:42:53.702184 #15981]  INFO -- : 0:  minitest (4.7.5) from /Users/andreas/.rvm/gems/ruby-1.9.3-p194/specifications/minitest-4.7.5.gemspec
I, [2014-02-11T11:43:00.292338 #15981]  INFO -- : 0:  multi_json (1.8.4) from /Users/andreas/.rvm/gems/ruby-1.9.3-p194/specifications/multi_json-1.8.4.gemspec
I, [2014-02-11T11:43:00.292831 #15981]  INFO -- : 0:  atomic (1.1.14) from /Users/andreas/.rvm/gems/ruby-1.9.3-p194/specifications/atomic-1.1.14.gemspec
I, [2014-02-11T11:43:00.293151 #15981]  INFO -- : 0:  thread_safe (0.1.3) from /Users/andreas/.rvm/gems/ruby-1.9.3-p194/specifications/thread_safe-0.1.3.gemspec
I, [2014-02-11T11:43:00.293463 #15981]  INFO -- : 0:  tzinfo (0.3.38) from /Users/andreas/.rvm/gems/ruby-1.9.3-p194/specifications/tzinfo-0.3.38.gemspec
I, [2014-02-11T11:43:00.293780 #15981]  INFO -- : 0:  activesupport (4.0.2) from /Users/andreas/.rvm/gems/ruby-1.9.3-p194/specifications/activesupport-4.0.2.gemspec
I, [2014-02-11T11:43:00.294094 #15981]  INFO -- : 0:  builder (3.1.4) from /Users/andreas/.rvm/gems/ruby-1.9.3-p194/specifications/builder-3.1.4.gemspec
I, [2014-02-11T11:43:00.294393 #15981]  INFO -- : 0:  erubis (2.7.0) from /Users/andreas/.rvm/gems/ruby-1.9.3-p194/specifications/erubis-2.7.0.gemspec
I, [2014-02-11T11:43:00.294695 #15981]  INFO -- : 0:  rack (1.5.2) from /Users/andreas/.rvm/gems/ruby-1.9.3-p194/specifications/rack-1.5.2.gemspec
I, [2014-02-11T11:43:00.295257 #15981]  INFO -- : 0:  rack-test (0.6.2) from /Users/andreas/.rvm/gems/ruby-1.9.3-p194/specifications/rack-test-0.6.2.gemspec
I, [2014-02-11T11:43:00.295554 #15981]  INFO -- : 0:  actionpack (4.0.2) from /Users/andreas/.rvm/gems/ruby-1.9.3-p194/specifications/actionpack-4.0.2.gemspec
I, [2014-02-11T11:43:00.295853 #15981]  INFO -- : 0:  mime-types (1.25.1) from /Users/andreas/.rvm/gems/ruby-1.9.3-p194/specifications/mime-types-1.25.1.gemspec
I, [2014-02-11T11:43:00.296144 #15981]  INFO -- : 0:  polyglot (0.3.3) from /Users/andreas/.rvm/gems/ruby-1.9.3-p194/specifications/polyglot-0.3.3.gemspec
I, [2014-02-11T11:43:00.296439 #15981]  INFO -- : 0:  treetop (1.4.15) from /Users/andreas/.rvm/gems/ruby-1.9.3-p194/specifications/treetop-1.4.15.gemspec
I, [2014-02-11T11:43:00.296732 #15981]  INFO -- : 0:  mail (2.5.4) from /Users/andreas/.rvm/gems/ruby-1.9.3-p194/specifications/mail-2.5.4.gemspec
I, [2014-02-11T11:43:00.297027 #15981]  INFO -- : 0:  actionmailer (4.0.2) from /Users/andreas/.rvm/gems/ruby-1.9.3-p194/specifications/actionmailer-4.0.2.gemspec
I, [2014-02-11T11:43:00.297323 #15981]  INFO -- : 0:  activemodel (4.0.2) from /Users/andreas/.rvm/gems/ruby-1.9.3-p194/specifications/activemodel-4.0.2.gemspec
I, [2014-02-11T11:43:00.297624 #15981]  INFO -- : 0:  activerecord-deprecated_finders (1.0.3) from /Users/andreas/.rvm/gems/ruby-1.9.3-p194/specifications/activerecord-deprecated_finders-1.0.3.gemspec
I, [2014-02-11T11:43:04.786264 #15981]  INFO -- : 0:  arel (4.0.2) from /Users/andreas/.rvm/gems/ruby-1.9.3-p194/specifications/arel-4.0.2.gemspec
I, [2014-02-11T11:43:04.786749 #15981]  INFO -- : 0:  activerecord (4.0.2) from /Users/andreas/.rvm/gems/ruby-1.9.3-p194/specifications/activerecord-4.0.2.gemspec
I, [2014-02-11T11:43:04.787067 #15981]  INFO -- : 0:  bundler (1.5.1) from /Users/andreas/.rvm/gems/ruby-1.9.3-p194/specifications/bundler-1.5.1.gemspec
I, [2014-02-11T11:43:09.676104 #15981]  INFO -- : 0:  coffee-script-source (1.7.0) from /Users/andreas/.rvm/gems/ruby-1.9.3-p194/specifications/coffee-script-source-1.7.0.gemspec
I, [2014-02-11T11:43:09.676573 #15981]  INFO -- : 0:  execjs (2.0.2) from /Users/andreas/.rvm/gems/ruby-1.9.3-p194/specifications/execjs-2.0.2.gemspec
I, [2014-02-11T11:43:09.676880 #15981]  INFO -- : 0:  coffee-script (2.2.0) from /Users/andreas/.rvm/gems/ruby-1.9.3-p194/specifications/coffee-script-2.2.0.gemspec
I, [2014-02-11T11:43:09.677206 #15981]  INFO -- : 0:  thor (0.18.1) from /Users/andreas/.rvm/gems/ruby-1.9.3-p194/specifications/thor-0.18.1.gemspec
I, [2014-02-11T11:43:09.677508 #15981]  INFO -- : 0:  railties (4.0.2) from /Users/andreas/.rvm/gems/ruby-1.9.3-p194/specifications/railties-4.0.2.gemspec
I, [2014-02-11T11:43:09.677808 #15981]  INFO -- : 0:  coffee-rails (4.0.1) from /Users/andreas/.rvm/gems/ruby-1.9.3-p194/specifications/coffee-rails-4.0.1.gemspec
I, [2014-02-11T11:43:15.993666 #15981]  INFO -- : 0:  dalli (2.7.0) from /Users/andreas/.rvm/gems/ruby-1.9.3-p194/specifications/dalli-2.7.0.gemspec
I, [2014-02-11T11:43:15.994187 #15981]  INFO -- : 0:  hike (1.2.3) from /Users/andreas/.rvm/gems/ruby-1.9.3-p194/specifications/hike-1.2.3.gemspec
I, [2014-02-11T11:43:22.125692 #15981]  INFO -- : 0:  jquery-rails (3.1.0) from /Users/andreas/.rvm/gems/ruby-1.9.3-p194/specifications/jquery-rails-3.1.0.gemspec
I, [2014-02-11T11:43:22.126214 #15981]  INFO -- : 0:  json (1.8.1) from /Users/andreas/.rvm/gems/ruby-1.9.3-p194/specifications/json-1.8.1.gemspec
I, [2014-02-11T11:43:22.126541 #15981]  INFO -- : 0:  memcachier (0.0.2) from /Users/andreas/.rvm/gems/ruby-1.9.3-p194/specifications/memcachier-0.0.2.gemspec
I, [2014-02-11T11:43:22.126886 #15981]  INFO -- : 0:  mini_portile (0.5.2) from /Users/andreas/.rvm/gems/ruby-1.9.3-p194/specifications/mini_portile-0.5.2.gemspec
I, [2014-02-11T11:43:22.127203 #15981]  INFO -- : 0:  nokogiri (1.6.1) from /Users/andreas/.rvm/gems/ruby-1.9.3-p194/specifications/nokogiri-1.6.1.gemspec
I, [2014-02-11T11:44:06.096020 #15981]  INFO -- : 0:  oj (2.5.4) from /Users/andreas/.rvm/gems/ruby-1.9.3-p194/specifications/oj-2.5.4.gemspec
I, [2014-02-11T11:44:06.096572 #15981]  INFO -- : 0:  rabl (0.9.3) from /Users/andreas/.rvm/gems/ruby-1.9.3-p194/specifications/rabl-0.9.3.gemspec
I, [2014-02-11T11:44:06.096899 #15981]  INFO -- : 0:  rack-cache (1.2) from /Users/andreas/.rvm/gems/ruby-1.9.3-p194/specifications/rack-cache-1.2.gemspec
I, [2014-02-11T11:44:06.097256 #15981]  INFO -- : 0:  tilt (1.4.1) from /Users/andreas/.rvm/gems/ruby-1.9.3-p194/specifications/tilt-1.4.1.gemspec
I, [2014-02-11T11:44:06.097609 #15981]  INFO -- : 0:  sprockets (2.10.1) from /Users/andreas/.rvm/gems/ruby-1.9.3-p194/specifications/sprockets-2.10.1.gemspec
I, [2014-02-11T11:44:06.097918 #15981]  INFO -- : 0:  sprockets-rails (2.0.1) from /Users/andreas/.rvm/gems/ruby-1.9.3-p194/specifications/sprockets-rails-2.0.1.gemspec
I, [2014-02-11T11:44:06.098231 #15981]  INFO -- : 0:  rails (4.0.2) from /Users/andreas/.rvm/gems/ruby-1.9.3-p194/specifications/rails-4.0.2.gemspec
I, [2014-02-11T11:44:20.260974 #15981]  INFO -- : 0:  rdoc (4.1.1) from /Users/andreas/.rvm/gems/ruby-1.9.3-p194/specifications/rdoc-4.1.1.gemspec
I, [2014-02-11T11:44:31.197316 #15981]  INFO -- : 0:  sass (3.2.14) from /Users/andreas/.rvm/gems/ruby-1.9.3-p194/specifications/sass-3.2.14.gemspec
I, [2014-02-11T11:44:31.197816 #15981]  INFO -- : 0:  sass-rails (4.0.1) from /Users/andreas/.rvm/gems/ruby-1.9.3-p194/specifications/sass-rails-4.0.1.gemspec
I, [2014-02-11T11:44:42.259043 #15981]  INFO -- : 0:  sdoc (0.4.0) from /Users/andreas/.rvm/gems/ruby-1.9.3-p194/specifications/sdoc-0.4.0.gemspec
I, [2014-02-11T11:44:42.259521 #15981]  INFO -- : 0:  uglifier (2.4.0) from /Users/andreas/.rvm/gems/ruby-1.9.3-p194/specifications/uglifier-2.4.0.gemspec
